<?xml version="1.0" encoding="UTF-8"?>
<!-- Generated by org.testng.reporters.JUnitXMLReporter -->
<testsuite ignored="0" hostname="DESKTOP-9N6VRCR" failures="0" tests="2" name="Test-Runner=2" time="0.168" errors="0" timestamp="2023-11-22T10:32:57 IST">
  <testcase classname="testngtests.Demo1" name="end" time="0.0">
    <skipped/>
  </testcase> <!-- end -->
  <testcase classname="testngtests.Demo1" name="stop" time="0.0">
    <skipped/>
  </testcase> <!-- stop -->
</testsuite> <!-- Test-Runner=2 -->
