<?xml version="1.0" encoding="UTF-8"?>
<!-- Generated by org.testng.reporters.JUnitReportReporter -->
<testsuite hostname="DESKTOP-9N6VRCR" failures="0" tests="1" name="com.hms.patientmodule.PatientBookAppointmentbasepoojatest" time="16.855" errors="0" timestamp="2023-11-30T13:44:33 IST" skipped="0">
  <testcase classname="com.hms.patientmodule.PatientBookAppointmentbasepoojatest" name="test1" time="16.855"/>
  <system-out/>
</testsuite> <!-- com.hms.patientmodule.PatientBookAppointmentbasepoojatest -->
