<?xml version="1.0" encoding="UTF-8"?>
<!-- Generated by org.testng.reporters.JUnitReportReporter -->
<testsuite hostname="DESKTOP-9N6VRCR" failures="0" tests="3" name="testngtests.Testngtest" time="0.029" errors="0" timestamp="2023-11-20T13:36:58 IST" skipped="0">
  <testcase classname="testngtests.Testngtest" name="edit" time="0.004"/>
  <system-out/>
  <testcase classname="testngtests.Testngtest" name="delete" time="0.016"/>
  <system-out/>
  <testcase classname="testngtests.Testngtest" name="xcreate" time="0.009"/>
  <system-out/>
</testsuite> <!-- testngtests.Testngtest -->
