<?xml version="1.0" encoding="UTF-8"?>
<!-- Generated by org.testng.reporters.JUnitReportReporter -->
<testsuite hostname="DESKTOP-9N6VRCR" failures="0" tests="1" name="com.hms.doctormodule.Doctoraddpatienttest" time="17.049" errors="0" timestamp="2023-11-30T15:22:46 IST" skipped="0">
  <testcase classname="com.hms.doctormodule.Doctoraddpatienttest" name="doctortest" time="17.049"/>
  <system-out/>
</testsuite> <!-- com.hms.doctormodule.Doctoraddpatienttest -->
