<?xml version="1.0" encoding="UTF-8"?>
<!-- Generated by org.testng.reporters.JUnitReportReporter -->
<testsuite hostname="DESKTOP-9N6VRCR" failures="0" tests="1" name="com.hms.adminmodule.Adminchangepasswordtest" time="14.403" errors="0" timestamp="2023-11-30T16:49:54 IST" skipped="0">
  <testcase classname="com.hms.adminmodule.Adminchangepasswordtest" name="adminchangepass" time="14.403"/>
  <system-out/>
</testsuite> <!-- com.hms.adminmodule.Adminchangepasswordtest -->
