<?xml version="1.0" encoding="UTF-8"?>
<!-- Generated by org.testng.reporters.JUnitReportReporter -->
<testsuite hostname="DESKTOP-9N6VRCR" failures="0" tests="1" name="sqlprctise.takedatafromvmtestng" time="5.931" errors="0" timestamp="2023-11-10T16:14:24 IST" skipped="0">
  <testcase classname="sqlprctise.takedatafromvmtestng" name="takedatavm" time="5.931"/>
  <system-out/>
</testsuite> <!-- sqlprctise.takedatafromvmtestng -->
