<?xml version="1.0" encoding="UTF-8"?>
<!-- Generated by org.testng.reporters.JUnitReportReporter -->
<testsuite hostname="DESKTOP-9N6VRCR" failures="0" tests="1" name="com.hms.adminmodule.Admineditdocyordetailstest" time="13.232" errors="0" timestamp="2023-11-30T17:44:30 IST" skipped="0">
  <testcase classname="com.hms.adminmodule.Admineditdocyordetailstest" name="adminedit" time="13.232"/>
  <system-out/>
</testsuite> <!-- com.hms.adminmodule.Admineditdocyordetailstest -->
