<?xml version="1.0" encoding="UTF-8"?>
<!-- Generated by org.testng.reporters.JUnitReportReporter -->
<testsuite hostname="DESKTOP-9N6VRCR" failures="0" tests="2" name="testngtests.DataProvidertest" time="0.015" errors="0" timestamp="2023-11-20T15:46:43 IST" skipped="0">
  <testcase classname="testngtests.DataProvidertest" name="getdata" time="0.003"/>
  <system-out/>
  <testcase classname="testngtests.DataProvidertest" name="getdata" time="0.012"/>
  <system-out/>
</testsuite> <!-- testngtests.DataProvidertest -->
