<?xml version="1.0" encoding="UTF-8"?>
<!-- Generated by org.testng.reporters.JUnitReportReporter -->
<testsuite hostname="DESKTOP-9N6VRCR" failures="0" tests="2" name="testngtests.Demo" time="20.233" errors="0" timestamp="2023-11-22T14:45:20 IST" skipped="0">
  <testcase classname="testngtests.Demo" name="start" time="10.030"/>
  <system-out/>
  <testcase classname="testngtests.Demo" name="continu1" time="10.203"/>
  <system-out/>
</testsuite> <!-- testngtests.Demo -->
