<?xml version="1.0" encoding="UTF-8"?>
<!-- Generated by org.testng.reporters.JUnitReportReporter -->
<testsuite hostname="DESKTOP-9N6VRCR" failures="0" tests="1" name="com.hms.patientmodule.PatientBookAppointmentbasetest" time="17.079" errors="0" timestamp="2023-11-30T13:13:38 IST" skipped="0">
  <testcase classname="com.hms.patientmodule.PatientBookAppointmentbasetest" name="test1" time="17.079"/>
  <system-out/>
</testsuite> <!-- com.hms.patientmodule.PatientBookAppointmentbasetest -->
