<?xml version="1.0" encoding="UTF-8"?>
<!-- Generated by org.testng.reporters.JUnitReportReporter -->
<testsuite hostname="DESKTOP-9N6VRCR" failures="0" tests="3" name="testngtests.Fetchthedatatest" time="0.030" errors="0" timestamp="2023-11-20T16:58:43 IST" skipped="0">
  <testcase classname="testngtests.Fetchthedatatest" name="getdata3" time="0.009"/>
  <system-out/>
  <testcase classname="testngtests.Fetchthedatatest" name="getdata3" time="0.003"/>
  <system-out/>
  <testcase classname="testngtests.Fetchthedatatest" name="getdata3" time="0.018"/>
  <system-out/>
</testsuite> <!-- testngtests.Fetchthedatatest -->
