<?xml version="1.0" encoding="UTF-8"?>
<!-- Generated by org.testng.reporters.JUnitReportReporter -->
<testsuite hostname="DESKTOP-9N6VRCR" failures="0" tests="1" name="com.hms.adminmodule.Adminadddoctortest" time="18.331" errors="0" timestamp="2023-11-30T18:04:44 IST" skipped="0">
  <testcase classname="com.hms.adminmodule.Adminadddoctortest" name="adminadddoctor" time="18.331"/>
  <system-out/>
</testsuite> <!-- com.hms.adminmodule.Adminadddoctortest -->
