<?xml version="1.0" encoding="UTF-8"?>
<!-- Generated by org.testng.reporters.JUnitReportReporter -->
<testsuite hostname="DESKTOP-9N6VRCR" failures="0" tests="2" name="testngtests.Allannotation" time="0.026" errors="0" timestamp="2023-11-20T18:02:59 IST" skipped="0">
  <testcase classname="testngtests.Allannotation" name="test2" time="0.010"/>
  <system-out/>
  <testcase classname="testngtests.Allannotation" name="test1" time="0.016"/>
  <system-out/>
</testsuite> <!-- testngtests.Allannotation -->
