<?xml version="1.0" encoding="UTF-8"?>
<!-- Generated by org.testng.reporters.JUnitReportReporter -->
<testsuite hostname="DESKTOP-9N6VRCR" failures="0" tests="2" name="testngtests.Fetchthedata" time="0.019" errors="0" timestamp="2023-11-20T15:54:58 IST" skipped="0">
  <testcase classname="testngtests.Fetchthedata" name="getdata" time="0.013"/>
  <system-out/>
  <testcase classname="testngtests.Fetchthedata" name="getdata" time="0.006"/>
  <system-out/>
</testsuite> <!-- testngtests.Fetchthedata -->
